<?xml version='1.0' encoding='UTF-8'?>
<testsuite hostname="vdi-linux-029" name="ApplicationInMemoryModelTest" tests="9" errors="0" failures="0" skipped="0" time="0.104" timestamp="2021-03-16T09:43:23">
                     <properties>
      <property name="awt.toolkit" value="sun.awt.X11.XToolkit"/><property name="java.specification.version" value="11"/><property name="sun.cpu.isalist" value=""/><property name="sun.jnu.encoding" value="UTF-8"/><property name="sun.arch.data.model" value="64"/><property name="java.vendor.url" value="https://openjdk.java.net/"/><property name="sun.boot.library.path" value="/usr/java/jdk-11.0.10/lib"/><property name="sun.java.command" value="/usr/share/sbt/bin/sbt-launch.jar"/><property name="jdk.debug" value="release"/><property name="java.specification.vendor" value="Oracle Corporation"/><property name="java.version.date" value="2021-01-19"/><property name="java.home" value="/usr/java/jdk-11.0.10"/><property name="file.separator" value="/"/><property name="java.vm.compressedOopsMode" value="32-bit"/><property name="line.separator" value="
"/><property name="java.specification.name" value="Java Platform API Specification"/><property name="java.vm.specification.vendor" value="Oracle Corporation"/><property name="java.protocol.handler.pkgs" value="com.google.common"/><property name="sun.management.compiler" value="HotSpot 64-Bit Tiered Compilers"/><property name="java.runtime.version" value="11.0.10+8-LTS-162"/><property name="user.name" value="bmalik"/><property name="log4j.ignoreTCL" value="true"/><property name="file.encoding" value="UTF-8"/><property name="jnidispatch.path" value="/users/bmalik/.cache/JNA/temp/jna14702872422306159674.tmp"/><property name="java.vendor.version" value="18.9"/><property name="jna.loaded" value="true"/><property name="java.io.tmpdir" value="/tmp"/><property name="java.version" value="11.0.10"/><property name="java.vm.specification.name" value="Java Virtual Machine Specification"/><property name="java.awt.printerjob" value="sun.print.PSPrinterJob"/><property name="sun.os.patch.level" value="unknown"/><property name="java.library.path" value="/usr/java/packages/lib:/usr/lib64:/lib64:/lib:/usr/lib"/><property name="java.vendor" value="Oracle Corporation"/><property name="scala.ext.dirs" value="/users/bmalik/.sbt/0.13/java9-rt-ext-oracle_corporation_11_0_10"/><property name="sun.io.unicode.encoding" value="UnicodeLittle"/><property name="sun.desktop" value="gnome"/><property name="java.class.path" value="/usr/share/sbt/bin/sbt-launch.jar"/><property name="java.vm.vendor" value="Oracle Corporation"/><property name="jline.shutdownhook" value="false"/><property name="user.timezone" value="America/Chicago"/><property name="os.name" value="Linux"/><property name="java.vm.specification.version" value="11"/><property name="sun.java.launcher" value="SUN_STANDARD"/><property name="user.country" value="US"/><property name="sun.cpu.endian" value="little"/><property name="user.home" value="/users/bmalik"/><property name="user.language" value="en"/><property name="swoval.tmpdir" value="/users/bmalik/.sbt/1.0"/><property name="java.awt.graphicsenv" value="sun.awt.X11GraphicsEnvironment"/><property name="jline.esc.timeout" value="0"/><property name="path.separator" value=":"/><property name="os.version" value="3.10.0-1160.15.2.el7.x86_64"/><property name="jna.nosys" value="true"/><property name="java.runtime.name" value="Java(TM) SE Runtime Environment"/><property name="java.vm.name" value="Java HotSpot(TM) 64-Bit Server VM"/><property name="jna.platform.library.path" value="/usr/lib64:/lib64:/usr/lib:/lib:/usr/local/lib:/usr/lib64/atlas:/usr/lib64/dyninst:/usr/lib64/qt-3.3/lib:/usr/lib64/mysql:/usr/lib64/iscsi:/usr/lib64//bind9-export:/usr/lib64/tcl8.5:/usr/lib64/R/lib"/><property name="java.vendor.url.bug" value="https://bugreport.java.com/bugreport/"/><property name="user.dir" value="/users/bmalik/github/webapps/webapps-s21-play-messageboard"/><property name="os.arch" value="amd64"/><property name="java.vm.info" value="mixed mode"/><property name="java.vm.version" value="11.0.10+8-LTS-162"/><property name="java.class.version" value="55.0"/>
    </properties>
                     <testcase classname="ApplicationInMemoryModelTest" name="ApplicationInMemoryModel must do valid login for default user" time="0.039">
                                                 
                                               </testcase><testcase classname="ApplicationInMemoryModelTest" name="ApplicationInMemoryModel must reject bad user" time="0.001">
                                                 
                                               </testcase><testcase classname="ApplicationInMemoryModelTest" name="ApplicationInMemoryModel must reject bad password" time="0.001">
                                                 
                                               </testcase><testcase classname="ApplicationInMemoryModelTest" name="ApplicationInMemoryModel must reject bad user and password" time="0.001">
                                                 
                                               </testcase><testcase classname="ApplicationInMemoryModelTest" name="ApplicationInMemoryModel must create new user with no tasks" time="0.001">
                                                 
                                               </testcase><testcase classname="ApplicationInMemoryModelTest" name="ApplicationInMemoryModel must reject create existing user" time="0.0">
                                                 
                                               </testcase><testcase classname="ApplicationInMemoryModelTest" name="ApplicationInMemoryModel must get correct mssages" time="0.0">
                                                 
                                               </testcase><testcase classname="ApplicationInMemoryModelTest" name="ApplicationInMemoryModel must add new message for existing user" time="0.044">
                                                 
                                               </testcase><testcase classname="ApplicationInMemoryModelTest" name="ApplicationInMemoryModel must remove message for existing user" time="0.017">
                                                 
                                               </testcase>
                     <system-out><![CDATA[]]></system-out>
                     <system-err><![CDATA[]]></system-err>
                   </testsuite>